2025-02-23 00:10:02,039 - INFO - root - ✅ Logger initialized. Writing logs to: C:\Users\tyewf\github_projects\xlsx_reporting\logs\2025-02-23_00-10-02.log
2025-02-23 00:10:02,039 - INFO - hybrid_logger - Logger successfully configured.
2025-02-23 00:10:02,040 - INFO - hybrid_logger - 
2025-02-23 00:10:02,040 - INFO - hybrid_logger - 
2025-02-23 00:10:02,041 - INFO - hybrid_logger - --------------------------------------------------
2025-02-23 00:10:02,041 - INFO - hybrid_logger - Running Main
2025-02-23 00:10:02,041 - INFO - hybrid_logger - --------------------------------------------------
2025-02-23 00:10:02,044 - INFO - hybrid_logger - 
2025-02-23 00:10:02,044 - INFO - hybrid_logger - 
2025-02-23 00:10:02,044 - INFO - hybrid_logger - --------------------------------------------------
2025-02-23 00:10:02,044 - INFO - hybrid_logger - 🔍 Extracting and validating arguments...
2025-02-23 00:10:02,045 - INFO - hybrid_logger - --------------------------------------------------
2025-02-23 00:10:02,045 - INFO - hybrid_logger - ✅ Folder `inputs/input_files` exists!
2025-02-23 00:10:02,046 - INFO - hybrid_logger - ✅ Folder `inputs/xlsx_templates` exists!
2025-02-23 00:10:02,046 - INFO - hybrid_logger - ✅ Folder `outputs` exists!
2025-02-23 00:10:02,046 - INFO - hybrid_logger - ✅ File `config/settings.yaml` exists!
2025-02-23 00:10:02,047 - INFO - hybrid_logger - ✅ Date `2025-02-23` is in the correct format (yyyy-mm-dd)!
2025-02-23 00:10:02,047 - INFO - hybrid_logger - ✅ Input Files Folder: inputs/input_files
2025-02-23 00:10:02,047 - INFO - hybrid_logger - ✅ Excel Templates Folder: inputs/xlsx_templates
2025-02-23 00:10:02,047 - INFO - hybrid_logger - ✅ Output Folder: outputs
2025-02-23 00:10:02,047 - INFO - hybrid_logger - ✅ Report Date: 2025-02-23
2025-02-23 00:10:02,047 - INFO - hybrid_logger - ✅ Config Path: config/settings.yaml
2025-02-23 00:10:02,048 - INFO - hybrid_logger - Arguments extracted and validated.
2025-02-23 00:10:02,048 - INFO - hybrid_logger - 📂 Loading configuration from: config/settings.yaml
2025-02-23 00:10:02,052 - INFO - hybrid_logger - ✅ Configuration loaded successfully.
2025-02-23 00:10:02,052 - INFO - hybrid_logger - 
2025-02-23 00:10:02,053 - INFO - hybrid_logger - 
2025-02-23 00:10:02,053 - INFO - hybrid_logger - --------------------------------------------------
2025-02-23 00:10:02,053 - INFO - hybrid_logger - 🚀 RUNNING INPUT DATA LOADER
2025-02-23 00:10:02,053 - INFO - hybrid_logger - --------------------------------------------------
2025-02-23 00:10:02,053 - INFO - hybrid_logger - 📁 Processing Output File: employee_report.xlsx
2025-02-23 00:10:02,054 - INFO - hybrid_logger - --------------------------------------------------
2025-02-23 00:10:02,054 - INFO - hybrid_logger - Processing tables input data
2025-02-23 00:10:02,054 - INFO - hybrid_logger - --------------------------------------------------
2025-02-23 00:10:02,055 - INFO - hybrid_logger - Processing sheet input data
2025-02-23 00:10:02,055 - INFO - hybrid_logger - 📁 Processing Output File: industry_report.xlsx
2025-02-23 00:10:02,055 - INFO - hybrid_logger - --------------------------------------------------
2025-02-23 00:10:02,056 - INFO - hybrid_logger - Processing tables input data
2025-02-23 00:10:02,056 - INFO - hybrid_logger - --------------------------------------------------
2025-02-23 00:10:02,056 - INFO - hybrid_logger - Processing sheet input data
2025-02-23 00:10:02,060 - INFO - hybrid_logger - file_path:inputs\input_files\employee_data.xlsx
2025-02-23 00:10:02,061 - INFO - hybrid_logger - sheet_name:Employees
2025-02-23 00:10:02,061 - INFO - hybrid_logger - columns_to_load:['Last', 'Id', 'First', 'Start', 'Position']
2025-02-23 00:10:02,065 - INFO - hybrid_logger - file_path:inputs\input_files\employee_data.xlsx
2025-02-23 00:10:02,065 - INFO - hybrid_logger - sheet_name:Hours
2025-02-23 00:10:02,066 - INFO - hybrid_logger - columns_to_load:['Last', 'Rate', 'Hours', 'First', 'Location']
2025-02-23 00:10:02,073 - INFO - hybrid_logger - 📂 INPUT DATA LOAD COMPLETE
2025-02-23 00:10:02,073 - INFO - hybrid_logger - 🚀 Processing Excel templates...
2025-02-23 00:10:02,074 - INFO - hybrid_logger - 
2025-02-23 00:10:02,074 - INFO - hybrid_logger - --------------------------------------------------
2025-02-23 00:10:02,074 - INFO - hybrid_logger - Adding data to files
2025-02-23 00:10:02,074 - INFO - hybrid_logger - --------------------------------------------------
2025-02-23 00:10:02,082 - INFO - hybrid_logger - ✅ Template copied to: outputs\employee_report.xlsx
2025-02-23 00:10:02,083 - INFO - hybrid_logger - Adding data to outputs\employee_report.xlsx.
2025-02-23 00:10:02,095 - INFO - hybrid_logger - ✅ Table structure validated and sorted successfully.
2025-02-23 00:10:02,098 - INFO - hybrid_logger - ✅ PASS: Only one file provided in table_details.
2025-02-23 00:10:02,098 - INFO - hybrid_logger - ✅ PASS: All table names are unique.
2025-02-23 00:10:02,098 - INFO - hybrid_logger - ✅ PASS: All start rows/columns are less than end rows/columns.
2025-02-23 00:10:02,099 - INFO - hybrid_logger - 🔍 Processing sheet: employees_combined with 2 tables.
2025-02-23 00:10:02,099 - DEBUG - hybrid_logger - 🔍 Checking Table: employees_list (Rows 2 - 4)
2025-02-23 00:10:02,100 - DEBUG - hybrid_logger - 🔍 Checking Table: employee_hours (Rows 7 - 9)
2025-02-23 00:10:02,100 - INFO - hybrid_logger - ✅ No overlapping tables found.
2025-02-23 00:10:02,103 - INFO - hybrid_logger - wb:<openpyxl.workbook.workbook.Workbook object at 0x000002B6B10924A0>
2025-02-23 00:10:02,105 - INFO - hybrid_logger - table_details:                      file_path          sheet_name      table_name  start_row_number  end_row_number  start_col_number  end_col_number
0  outputs\employee_report.xlsx  employees_combined  employees_list                 2               4                 2               4
1  outputs\employee_report.xlsx  employees_combined  employee_hours                 7               9                 2               5
2025-02-23 00:10:02,113 - INFO - hybrid_logger - --------------------------------------------------
2025-02-23 00:10:02,113 - INFO - hybrid_logger - Replacing data in table employees_list
2025-02-23 00:10:02,114 - INFO - hybrid_logger - Running: remove_data_from_xl_table
2025-02-23 00:10:02,115 - INFO - hybrid_logger - Removed 1 rows from table 'employees_list', starting from row 3 in sheet 'employees_combined'.
2025-02-23 00:10:02,117 - INFO - hybrid_logger - Updated table 'employees_list' reference to B2:D3.
2025-02-23 00:10:02,117 - INFO - hybrid_logger - Updated table 'employee_hours' reference to B6:E8.
2025-02-23 00:10:02,117 - INFO - hybrid_logger - Adding 2 rows to table 'employees_list' from row 4 onwards in sheet 'employees_combined'.
2025-02-23 00:10:02,119 - INFO - hybrid_logger - Updated table 'employees_list' reference to B2:D5.
2025-02-23 00:10:02,119 - INFO - hybrid_logger - Updated table 'employee_hours' reference to B8:E10.
2025-02-23 00:10:02,119 - INFO - hybrid_logger - ✅ Successfully updated table 'employees_list'.
2025-02-23 00:10:02,120 - INFO - hybrid_logger - 
2025-02-23 00:10:02,130 - INFO - hybrid_logger - wb:<openpyxl.workbook.workbook.Workbook object at 0x000002B6B10924A0>
2025-02-23 00:10:02,132 - INFO - hybrid_logger - table_details:                      file_path          sheet_name      table_name  start_row_number  end_row_number  start_col_number  end_col_number
0  outputs\employee_report.xlsx  employees_combined  employees_list                 2               5                 2               4
1  outputs\employee_report.xlsx  employees_combined  employee_hours                 8              10                 2               5
2025-02-23 00:10:02,140 - INFO - hybrid_logger - --------------------------------------------------
2025-02-23 00:10:02,140 - INFO - hybrid_logger - Replacing data in table employee_hours
2025-02-23 00:10:02,141 - INFO - hybrid_logger - Running: remove_data_from_xl_table
2025-02-23 00:10:02,142 - INFO - hybrid_logger - Removed 1 rows from table 'employee_hours', starting from row 9 in sheet 'employees_combined'.
2025-02-23 00:10:02,144 - INFO - hybrid_logger - Updated table 'employee_hours' reference to B8:E9.
2025-02-23 00:10:02,144 - INFO - hybrid_logger - Adding 2 rows to table 'employee_hours' from row 10 onwards in sheet 'employees_combined'.
2025-02-23 00:10:02,145 - INFO - hybrid_logger - Updated table 'employee_hours' reference to B8:E11.
2025-02-23 00:10:02,146 - INFO - hybrid_logger - ✅ Successfully updated table 'employee_hours'.
2025-02-23 00:10:02,146 - INFO - hybrid_logger - 
2025-02-23 00:10:02,180 - INFO - hybrid_logger - ✅ Successfully updated table 'employee_hours' in 'outputs\employee_report.xlsx'.
2025-02-23 00:10:02,188 - INFO - hybrid_logger - ✅ Template copied to: outputs\industry_report.xlsx
2025-02-23 00:10:02,188 - INFO - hybrid_logger - Adding data to outputs\industry_report.xlsx.
2025-02-23 00:10:02,200 - INFO - hybrid_logger - ✅ Table structure validated and sorted successfully.
2025-02-23 00:10:02,202 - INFO - hybrid_logger - ✅ PASS: Only one file provided in table_details.
2025-02-23 00:10:02,203 - INFO - hybrid_logger - ✅ PASS: All table names are unique.
2025-02-23 00:10:02,203 - INFO - hybrid_logger - ✅ PASS: All start rows/columns are less than end rows/columns.
2025-02-23 00:10:02,204 - INFO - hybrid_logger - 🔍 Processing sheet: employees_combined with 2 tables.
2025-02-23 00:10:02,204 - DEBUG - hybrid_logger - 🔍 Checking Table: companies (Rows 2 - 4)
2025-02-23 00:10:02,205 - DEBUG - hybrid_logger - 🔍 Checking Table: region_stats (Rows 9 - 11)
2025-02-23 00:10:02,205 - INFO - hybrid_logger - ✅ No overlapping tables found.
2025-02-23 00:10:02,208 - INFO - hybrid_logger - wb:<openpyxl.workbook.workbook.Workbook object at 0x000002B6B0FB72E0>
2025-02-23 00:10:02,210 - INFO - hybrid_logger - table_details:                      file_path          sheet_name    table_name  start_row_number  end_row_number  start_col_number  end_col_number
0  outputs\industry_report.xlsx  employees_combined     companies                 2               4                 2               4
1  outputs\industry_report.xlsx  employees_combined  region_stats                 9              11                 2               3
2025-02-23 00:10:02,227 - ERROR - hybrid_logger - ❌ An error occurred: "None of [Index(['Company Name', 'Shares Outstanding', 'Share Price'], dtype='object')] are in the [columns]"
Traceback (most recent call last):
  File "C:\Users\tyewf\github_projects\xlsx_reporting\src\main.py", line 109, in main
    add_data_to_files(config['output_from_input_dict'], input_data_dict, xlsx_templates_folder, outputs_folder, report_date)
  File "C:\Users\tyewf\github_projects\xlsx_reporting\src\update_xlsx_data.py", line 600, in add_data_to_files
    input_data = get_df_data(data_source, input_data_dict)
  File "C:\Users\tyewf\github_projects\xlsx_reporting\src\update_xlsx_data.py", line 467, in get_df_data
    input_data = input_data[final_columns]
  File "C:\Users\tyewf\github_projects\xlsx_reporting\venv\lib\site-packages\pandas\core\frame.py", line 4108, in __getitem__
    indexer = self.columns._get_indexer_strict(key, "columns")[1]
  File "C:\Users\tyewf\github_projects\xlsx_reporting\venv\lib\site-packages\pandas\core\indexes\base.py", line 6200, in _get_indexer_strict
    self._raise_if_missing(keyarr, indexer, axis_name)
  File "C:\Users\tyewf\github_projects\xlsx_reporting\venv\lib\site-packages\pandas\core\indexes\base.py", line 6249, in _raise_if_missing
    raise KeyError(f"None of [{key}] are in the [{axis_name}]")
KeyError: "None of [Index(['Company Name', 'Shares Outstanding', 'Share Price'], dtype='object')] are in the [columns]"
