2025-02-23 00:15:30,564 - INFO - root - ✅ Logger initialized. Writing logs to: C:\Users\tyewf\github_projects\xlsx_reporting\logs\2025-02-23_00-15-30.log
2025-02-23 00:15:30,564 - INFO - hybrid_logger - Logger successfully configured.
2025-02-23 00:15:30,575 - INFO - hybrid_logger - 
2025-02-23 00:15:30,575 - INFO - hybrid_logger - 
2025-02-23 00:15:30,575 - INFO - hybrid_logger - --------------------------------------------------
2025-02-23 00:15:30,575 - INFO - hybrid_logger - Running Main
2025-02-23 00:15:30,576 - INFO - hybrid_logger - --------------------------------------------------
2025-02-23 00:15:30,578 - INFO - hybrid_logger - 
2025-02-23 00:15:30,578 - INFO - hybrid_logger - 
2025-02-23 00:15:30,578 - INFO - hybrid_logger - --------------------------------------------------
2025-02-23 00:15:30,578 - INFO - hybrid_logger - 🔍 Extracting and validating arguments...
2025-02-23 00:15:30,578 - INFO - hybrid_logger - --------------------------------------------------
2025-02-23 00:15:30,580 - INFO - hybrid_logger - ✅ Folder `inputs/input_files` exists!
2025-02-23 00:15:30,580 - INFO - hybrid_logger - ✅ Folder `inputs/xlsx_templates` exists!
2025-02-23 00:15:30,580 - INFO - hybrid_logger - ✅ Folder `outputs` exists!
2025-02-23 00:15:30,580 - INFO - hybrid_logger - ✅ File `config/settings.yaml` exists!
2025-02-23 00:15:30,581 - INFO - hybrid_logger - ✅ Date `2025-02-23` is in the correct format (yyyy-mm-dd)!
2025-02-23 00:15:30,581 - INFO - hybrid_logger - ✅ Input Files Folder: inputs/input_files
2025-02-23 00:15:30,581 - INFO - hybrid_logger - ✅ Excel Templates Folder: inputs/xlsx_templates
2025-02-23 00:15:30,581 - INFO - hybrid_logger - ✅ Output Folder: outputs
2025-02-23 00:15:30,582 - INFO - hybrid_logger - ✅ Report Date: 2025-02-23
2025-02-23 00:15:30,582 - INFO - hybrid_logger - ✅ Config Path: config/settings.yaml
2025-02-23 00:15:30,582 - INFO - hybrid_logger - Arguments extracted and validated.
2025-02-23 00:15:30,582 - INFO - hybrid_logger - 📂 Loading configuration from: config/settings.yaml
2025-02-23 00:15:30,586 - INFO - hybrid_logger - ✅ Configuration loaded successfully.
2025-02-23 00:15:30,587 - INFO - hybrid_logger - 
2025-02-23 00:15:30,587 - INFO - hybrid_logger - 
2025-02-23 00:15:30,587 - INFO - hybrid_logger - --------------------------------------------------
2025-02-23 00:15:30,587 - INFO - hybrid_logger - 🚀 RUNNING INPUT DATA LOADER
2025-02-23 00:15:30,587 - INFO - hybrid_logger - --------------------------------------------------
2025-02-23 00:15:30,588 - INFO - hybrid_logger - 📁 Processing Output File: employee_report.xlsx
2025-02-23 00:15:30,588 - INFO - hybrid_logger - --------------------------------------------------
2025-02-23 00:15:30,588 - INFO - hybrid_logger - Processing tables input data
2025-02-23 00:15:30,589 - INFO - hybrid_logger - --------------------------------------------------
2025-02-23 00:15:30,589 - INFO - hybrid_logger - Processing sheet input data
2025-02-23 00:15:30,590 - INFO - hybrid_logger - 📁 Processing Output File: industry_report.xlsx
2025-02-23 00:15:30,590 - INFO - hybrid_logger - --------------------------------------------------
2025-02-23 00:15:30,590 - INFO - hybrid_logger - Processing tables input data
2025-02-23 00:15:30,591 - INFO - hybrid_logger - --------------------------------------------------
2025-02-23 00:15:30,591 - INFO - hybrid_logger - Processing sheet input data
2025-02-23 00:15:30,595 - INFO - hybrid_logger - file_path:inputs\input_files\employee_data.xlsx
2025-02-23 00:15:30,595 - INFO - hybrid_logger - sheet_name:Employees
2025-02-23 00:15:30,595 - INFO - hybrid_logger - columns_to_load:['First', 'Position', 'Last', 'Id', 'Start']
2025-02-23 00:15:30,599 - INFO - hybrid_logger - file_path:inputs\input_files\employee_data.xlsx
2025-02-23 00:15:30,600 - INFO - hybrid_logger - sheet_name:Hours
2025-02-23 00:15:30,600 - INFO - hybrid_logger - columns_to_load:['Hours', 'First', 'Rate', 'Last', 'Location']
2025-02-23 00:15:30,609 - INFO - hybrid_logger - 📂 INPUT DATA LOAD COMPLETE
