2025-02-23 00:02:14,698 - INFO - root - ✅ Logger initialized. Writing logs to: C:\Users\tyewf\github_projects\xlsx_reporting\logs\2025-02-23_00-02-14.log
2025-02-23 00:02:14,699 - INFO - hybrid_logger - Logger successfully configured.
2025-02-23 00:02:14,700 - INFO - hybrid_logger - 
2025-02-23 00:02:14,700 - INFO - hybrid_logger - 
2025-02-23 00:02:14,700 - INFO - hybrid_logger - --------------------------------------------------
2025-02-23 00:02:14,700 - INFO - hybrid_logger - Running Main
2025-02-23 00:02:14,700 - INFO - hybrid_logger - --------------------------------------------------
2025-02-23 00:02:14,704 - INFO - hybrid_logger - 
2025-02-23 00:02:14,704 - INFO - hybrid_logger - 
2025-02-23 00:02:14,704 - INFO - hybrid_logger - --------------------------------------------------
2025-02-23 00:02:14,704 - INFO - hybrid_logger - 🔍 Extracting and validating arguments...
2025-02-23 00:02:14,704 - INFO - hybrid_logger - --------------------------------------------------
2025-02-23 00:02:14,706 - INFO - hybrid_logger - ✅ Folder `inputs/input_files` exists!
2025-02-23 00:02:14,706 - INFO - hybrid_logger - ✅ Folder `inputs/xlsx_templates` exists!
2025-02-23 00:02:14,706 - INFO - hybrid_logger - ✅ Folder `outputs` exists!
2025-02-23 00:02:14,706 - INFO - hybrid_logger - ✅ File `config/settings.yaml` exists!
2025-02-23 00:02:14,707 - INFO - hybrid_logger - ✅ Date `2025-02-23` is in the correct format (yyyy-mm-dd)!
2025-02-23 00:02:14,707 - INFO - hybrid_logger - ✅ Input Files Folder: inputs/input_files
2025-02-23 00:02:14,707 - INFO - hybrid_logger - ✅ Excel Templates Folder: inputs/xlsx_templates
2025-02-23 00:02:14,707 - INFO - hybrid_logger - ✅ Output Folder: outputs
2025-02-23 00:02:14,707 - INFO - hybrid_logger - ✅ Report Date: 2025-02-23
2025-02-23 00:02:14,708 - INFO - hybrid_logger - ✅ Config Path: config/settings.yaml
2025-02-23 00:02:14,708 - INFO - hybrid_logger - Arguments extracted and validated.
2025-02-23 00:02:14,708 - INFO - hybrid_logger - 📂 Loading configuration from: config/settings.yaml
2025-02-23 00:02:14,712 - INFO - hybrid_logger - ✅ Configuration loaded successfully.
2025-02-23 00:02:14,713 - INFO - hybrid_logger - 
2025-02-23 00:02:14,713 - INFO - hybrid_logger - 
2025-02-23 00:02:14,713 - INFO - hybrid_logger - --------------------------------------------------
2025-02-23 00:02:14,713 - INFO - hybrid_logger - 🚀 RUNNING INPUT DATA LOADER
2025-02-23 00:02:14,713 - INFO - hybrid_logger - --------------------------------------------------
2025-02-23 00:02:14,714 - INFO - hybrid_logger - 📁 Processing Output File: employee_report.xlsx
2025-02-23 00:02:14,714 - INFO - hybrid_logger - --------------------------------------------------
2025-02-23 00:02:14,714 - INFO - hybrid_logger - Processing tables input data
2025-02-23 00:02:14,715 - INFO - hybrid_logger - --------------------------------------------------
2025-02-23 00:02:14,715 - INFO - hybrid_logger - Processing sheet input data
2025-02-23 00:02:14,715 - INFO - hybrid_logger - 📁 Processing Output File: industry_report.xlsx
2025-02-23 00:02:14,715 - INFO - hybrid_logger - --------------------------------------------------
2025-02-23 00:02:14,716 - INFO - hybrid_logger - Processing tables input data
2025-02-23 00:02:14,716 - INFO - hybrid_logger - --------------------------------------------------
2025-02-23 00:02:14,716 - INFO - hybrid_logger - Processing sheet input data
2025-02-23 00:02:14,720 - INFO - hybrid_logger - file_path:inputs\input_files\employee_data.xlsx
2025-02-23 00:02:14,721 - INFO - hybrid_logger - sheet_name:Employees
2025-02-23 00:02:14,721 - INFO - hybrid_logger - columns_to_load:['Last', 'Start', 'First', 'Id', 'Position']
2025-02-23 00:02:14,725 - INFO - hybrid_logger - file_path:inputs\input_files\employee_data.xlsx
2025-02-23 00:02:14,726 - INFO - hybrid_logger - sheet_name:Hours
2025-02-23 00:02:14,726 - INFO - hybrid_logger - columns_to_load:['Location', 'Last', 'Hours', 'First', 'Rate']
2025-02-23 00:02:14,733 - INFO - hybrid_logger - 📂 INPUT DATA LOAD COMPLETE
2025-02-23 00:02:14,733 - INFO - hybrid_logger - 🚀 Processing Excel templates...
2025-02-23 00:02:14,733 - INFO - hybrid_logger - 
2025-02-23 00:02:14,734 - INFO - hybrid_logger - --------------------------------------------------
2025-02-23 00:02:14,734 - INFO - hybrid_logger - Adding data to files
2025-02-23 00:02:14,734 - INFO - hybrid_logger - --------------------------------------------------
2025-02-23 00:02:14,742 - INFO - hybrid_logger - ✅ Template copied to: outputs\employee_report.xlsx
2025-02-23 00:02:14,742 - INFO - hybrid_logger - Adding data to outputs\employee_report.xlsx.
2025-02-23 00:02:14,756 - INFO - hybrid_logger - ✅ Table structure validated and sorted successfully.
2025-02-23 00:02:14,758 - INFO - hybrid_logger - ✅ PASS: Only one file provided in table_details.
2025-02-23 00:02:14,759 - INFO - hybrid_logger - ✅ PASS: All table names are unique.
2025-02-23 00:02:14,760 - INFO - hybrid_logger - ✅ PASS: All start rows/columns are less than end rows/columns.
2025-02-23 00:02:14,760 - INFO - hybrid_logger - 🔍 Processing sheet: employees_combined with 2 tables.
2025-02-23 00:02:14,760 - DEBUG - hybrid_logger - 🔍 Checking Table: employees_list (Rows 2 - 4)
2025-02-23 00:02:14,761 - DEBUG - hybrid_logger - 🔍 Checking Table: employee_hours (Rows 7 - 9)
2025-02-23 00:02:14,762 - INFO - hybrid_logger - ✅ No overlapping tables found.
2025-02-23 00:02:14,764 - INFO - hybrid_logger - wb:<openpyxl.workbook.workbook.Workbook object at 0x000002028A5932B0>
2025-02-23 00:02:14,765 - INFO - hybrid_logger - table_details:                      file_path          sheet_name      table_name  start_row_number  end_row_number  start_col_number  end_col_number
0  outputs\employee_report.xlsx  employees_combined  employees_list                 2               4                 2               4
1  outputs\employee_report.xlsx  employees_combined  employee_hours                 7               9                 2               5
2025-02-23 00:02:14,766 - INFO - hybrid_logger - --------------------------------------------------
2025-02-23 00:02:14,766 - INFO - hybrid_logger - Replacing data in table employees_list
2025-02-23 00:02:14,768 - INFO - hybrid_logger - Running: remove_data_from_xl_table
2025-02-23 00:02:14,768 - INFO - hybrid_logger - Removed 1 rows from table 'employees_list', starting from row 3 in sheet 'employees_combined'.
2025-02-23 00:02:14,770 - INFO - hybrid_logger - Updated table 'employees_list' reference to B2:D3.
2025-02-23 00:02:14,770 - INFO - hybrid_logger - Updated table 'employee_hours' reference to B6:E8.
2025-02-23 00:02:14,770 - INFO - hybrid_logger - Adding 2 rows to table 'employees_list' from row 4 onwards in sheet 'employees_combined'.
2025-02-23 00:02:14,772 - INFO - hybrid_logger - Updated table 'employees_list' reference to B2:D5.
2025-02-23 00:02:14,772 - INFO - hybrid_logger - Updated table 'employee_hours' reference to B8:E10.
2025-02-23 00:02:14,773 - INFO - hybrid_logger - ✅ Successfully updated table 'employees_list'.
2025-02-23 00:02:14,773 - INFO - hybrid_logger - 
2025-02-23 00:02:14,784 - INFO - hybrid_logger - wb:<openpyxl.workbook.workbook.Workbook object at 0x000002028A5932B0>
2025-02-23 00:02:14,786 - INFO - hybrid_logger - table_details:                      file_path          sheet_name      table_name  start_row_number  end_row_number  start_col_number  end_col_number
0  outputs\employee_report.xlsx  employees_combined  employees_list                 2               5                 2               4
1  outputs\employee_report.xlsx  employees_combined  employee_hours                 8              10                 2               5
2025-02-23 00:02:14,787 - INFO - hybrid_logger - --------------------------------------------------
2025-02-23 00:02:14,787 - INFO - hybrid_logger - Replacing data in table employee_hours
2025-02-23 00:02:14,788 - INFO - hybrid_logger - Running: remove_data_from_xl_table
2025-02-23 00:02:14,788 - INFO - hybrid_logger - Removed 1 rows from table 'employee_hours', starting from row 9 in sheet 'employees_combined'.
2025-02-23 00:02:14,790 - INFO - hybrid_logger - Updated table 'employee_hours' reference to B8:E9.
2025-02-23 00:02:14,790 - INFO - hybrid_logger - Adding 2 rows to table 'employee_hours' from row 10 onwards in sheet 'employees_combined'.
2025-02-23 00:02:14,792 - INFO - hybrid_logger - Updated table 'employee_hours' reference to B8:E11.
2025-02-23 00:02:14,792 - INFO - hybrid_logger - ✅ Successfully updated table 'employee_hours'.
2025-02-23 00:02:14,792 - INFO - hybrid_logger - 
2025-02-23 00:02:14,811 - INFO - hybrid_logger - ✅ Successfully updated table 'employee_hours' in 'outputs\employee_report.xlsx'.
2025-02-23 00:02:14,818 - INFO - hybrid_logger - ✅ Template copied to: outputs\industry_report.xlsx
2025-02-23 00:02:14,819 - INFO - hybrid_logger - Adding data to outputs\industry_report.xlsx.
2025-02-23 00:02:14,830 - INFO - hybrid_logger - ✅ Table structure validated and sorted successfully.
2025-02-23 00:02:14,834 - INFO - hybrid_logger - ✅ PASS: Only one file provided in table_details.
2025-02-23 00:02:14,834 - INFO - hybrid_logger - ✅ PASS: All table names are unique.
2025-02-23 00:02:14,835 - INFO - hybrid_logger - ✅ PASS: All start rows/columns are less than end rows/columns.
2025-02-23 00:02:14,835 - INFO - hybrid_logger - 🔍 Processing sheet: employees_combined with 2 tables.
2025-02-23 00:02:14,835 - DEBUG - hybrid_logger - 🔍 Checking Table: companies (Rows 2 - 4)
2025-02-23 00:02:14,836 - DEBUG - hybrid_logger - 🔍 Checking Table: region_stats (Rows 9 - 11)
2025-02-23 00:02:14,837 - INFO - hybrid_logger - ✅ No overlapping tables found.
2025-02-23 00:02:14,839 - INFO - hybrid_logger - wb:<openpyxl.workbook.workbook.Workbook object at 0x000002028A64B250>
2025-02-23 00:02:14,842 - INFO - hybrid_logger - table_details:                      file_path          sheet_name    table_name  start_row_number  end_row_number  start_col_number  end_col_number
0  outputs\industry_report.xlsx  employees_combined     companies                 2               4                 2               4
1  outputs\industry_report.xlsx  employees_combined  region_stats                 9              11                 2               3
2025-02-23 00:02:14,852 - ERROR - hybrid_logger - ❌ An error occurred: "None of [Index(['Company Name', 'Shares Outstanding', 'Share Price'], dtype='object')] are in the [columns]"
Traceback (most recent call last):
  File "C:\Users\tyewf\github_projects\xlsx_reporting\src\main.py", line 109, in main
    add_data_to_files(config['output_from_input_dict'], input_data_dict, xlsx_templates_folder, outputs_folder, report_date)
  File "C:\Users\tyewf\github_projects\xlsx_reporting\src\update_xlsx_data.py", line 594, in add_data_to_files
    input_data = get_df_data(data_source, input_data_dict)
  File "C:\Users\tyewf\github_projects\xlsx_reporting\src\update_xlsx_data.py", line 461, in get_df_data
    input_data = input_data[final_columns]
  File "C:\Users\tyewf\github_projects\xlsx_reporting\venv\lib\site-packages\pandas\core\frame.py", line 4108, in __getitem__
    indexer = self.columns._get_indexer_strict(key, "columns")[1]
  File "C:\Users\tyewf\github_projects\xlsx_reporting\venv\lib\site-packages\pandas\core\indexes\base.py", line 6200, in _get_indexer_strict
    self._raise_if_missing(keyarr, indexer, axis_name)
  File "C:\Users\tyewf\github_projects\xlsx_reporting\venv\lib\site-packages\pandas\core\indexes\base.py", line 6249, in _raise_if_missing
    raise KeyError(f"None of [{key}] are in the [{axis_name}]")
KeyError: "None of [Index(['Company Name', 'Shares Outstanding', 'Share Price'], dtype='object')] are in the [columns]"
