2025-02-22 23:52:55,010 - INFO - root - ✅ Logger initialized. Writing logs to: C:\Users\tyewf\github_projects\xlsx_reporting\logs\2025-02-22_23-52-55.log
2025-02-22 23:52:55,010 - INFO - hybrid_logger - Logger successfully configured.
2025-02-22 23:52:55,011 - INFO - hybrid_logger - 
2025-02-22 23:52:55,011 - INFO - hybrid_logger - 
2025-02-22 23:52:55,012 - INFO - hybrid_logger - --------------------------------------------------
2025-02-22 23:52:55,012 - INFO - hybrid_logger - Running Main
2025-02-22 23:52:55,012 - INFO - hybrid_logger - --------------------------------------------------
2025-02-22 23:52:55,015 - INFO - hybrid_logger - 
2025-02-22 23:52:55,015 - INFO - hybrid_logger - 
2025-02-22 23:52:55,015 - INFO - hybrid_logger - --------------------------------------------------
2025-02-22 23:52:55,015 - INFO - hybrid_logger - 🔍 Extracting and validating arguments...
2025-02-22 23:52:55,016 - INFO - hybrid_logger - --------------------------------------------------
2025-02-22 23:52:55,017 - INFO - hybrid_logger - ✅ Folder `inputs/input_files` exists!
2025-02-22 23:52:55,017 - INFO - hybrid_logger - ✅ Folder `inputs/xlsx_templates` exists!
2025-02-22 23:52:55,017 - INFO - hybrid_logger - ✅ Folder `outputs` exists!
2025-02-22 23:52:55,017 - INFO - hybrid_logger - ✅ File `config/settings.yaml` exists!
2025-02-22 23:52:55,018 - INFO - hybrid_logger - ✅ Date `2025-02-22` is in the correct format (yyyy-mm-dd)!
2025-02-22 23:52:55,018 - INFO - hybrid_logger - ✅ Input Files Folder: inputs/input_files
2025-02-22 23:52:55,018 - INFO - hybrid_logger - ✅ Excel Templates Folder: inputs/xlsx_templates
2025-02-22 23:52:55,018 - INFO - hybrid_logger - ✅ Output Folder: outputs
2025-02-22 23:52:55,019 - INFO - hybrid_logger - ✅ Report Date: 2025-02-22
2025-02-22 23:52:55,019 - INFO - hybrid_logger - ✅ Config Path: config/settings.yaml
2025-02-22 23:52:55,019 - INFO - hybrid_logger - Arguments extracted and validated.
2025-02-22 23:52:55,019 - INFO - hybrid_logger - 📂 Loading configuration from: config/settings.yaml
2025-02-22 23:52:55,029 - INFO - hybrid_logger - ✅ Configuration loaded successfully.
2025-02-22 23:52:55,030 - INFO - hybrid_logger - 
2025-02-22 23:52:55,030 - INFO - hybrid_logger - 
2025-02-22 23:52:55,030 - INFO - hybrid_logger - --------------------------------------------------
2025-02-22 23:52:55,031 - INFO - hybrid_logger - 🚀 RUNNING INPUT DATA LOADER
2025-02-22 23:52:55,031 - INFO - hybrid_logger - --------------------------------------------------
2025-02-22 23:52:55,031 - INFO - hybrid_logger - 📁 Processing Output File: employee_report.xlsx
2025-02-22 23:52:55,031 - INFO - hybrid_logger - --------------------------------------------------
2025-02-22 23:52:55,031 - INFO - hybrid_logger - Processing tables input data
2025-02-22 23:52:55,032 - INFO - hybrid_logger - --------------------------------------------------
2025-02-22 23:52:55,032 - INFO - hybrid_logger - Processing sheet input data
2025-02-22 23:52:55,033 - INFO - hybrid_logger - 📁 Processing Output File: industry_report.xlsx
2025-02-22 23:52:55,033 - INFO - hybrid_logger - --------------------------------------------------
2025-02-22 23:52:55,033 - INFO - hybrid_logger - Processing tables input data
2025-02-22 23:52:55,034 - INFO - hybrid_logger - --------------------------------------------------
2025-02-22 23:52:55,034 - INFO - hybrid_logger - Processing sheet input data
2025-02-22 23:52:55,038 - INFO - hybrid_logger - file_path:inputs\input_files\employee_data.xlsx
2025-02-22 23:52:55,038 - INFO - hybrid_logger - sheet_name:Employees
2025-02-22 23:52:55,039 - INFO - hybrid_logger - columns_to_load:['Last', 'First', 'Start', 'Id', 'Position']
2025-02-22 23:52:55,043 - INFO - hybrid_logger - file_path:inputs\input_files\employee_data.xlsx
2025-02-22 23:52:55,043 - INFO - hybrid_logger - sheet_name:Hours
2025-02-22 23:52:55,043 - INFO - hybrid_logger - columns_to_load:['Last', 'First', 'Location', 'Hours', 'Rate']
2025-02-22 23:52:55,051 - INFO - hybrid_logger - 📂 INPUT DATA LOAD COMPLETE
2025-02-22 23:52:55,051 - INFO - hybrid_logger - 🚀 Processing Excel templates...
2025-02-22 23:52:55,052 - INFO - hybrid_logger - 
2025-02-22 23:52:55,052 - INFO - hybrid_logger - --------------------------------------------------
2025-02-22 23:52:55,052 - INFO - hybrid_logger - Adding data to files
2025-02-22 23:52:55,052 - INFO - hybrid_logger - --------------------------------------------------
2025-02-22 23:52:55,060 - INFO - hybrid_logger - ✅ Template copied to: outputs\employee_report.xlsx
2025-02-22 23:52:55,060 - INFO - hybrid_logger - Adding data to outputs\employee_report.xlsx.
2025-02-22 23:52:55,075 - INFO - hybrid_logger - ✅ Table structure validated and sorted successfully.
2025-02-22 23:52:55,078 - INFO - hybrid_logger - ✅ PASS: Only one file provided in table_details.
2025-02-22 23:52:55,078 - INFO - hybrid_logger - ✅ PASS: All table names are unique.
2025-02-22 23:52:55,079 - INFO - hybrid_logger - ✅ PASS: All start rows/columns are less than end rows/columns.
2025-02-22 23:52:55,079 - INFO - hybrid_logger - 🔍 Processing sheet: employees_combined with 2 tables.
2025-02-22 23:52:55,080 - DEBUG - hybrid_logger - 🔍 Checking Table: employees_list (Rows 2 - 4)
2025-02-22 23:52:55,081 - DEBUG - hybrid_logger - 🔍 Checking Table: employee_hours (Rows 7 - 9)
2025-02-22 23:52:55,081 - INFO - hybrid_logger - ✅ No overlapping tables found.
2025-02-22 23:52:55,085 - INFO - hybrid_logger - wb:<openpyxl.workbook.workbook.Workbook object at 0x0000027C37E739D0>
2025-02-22 23:52:55,088 - INFO - hybrid_logger - table_details:                      file_path          sheet_name      table_name  start_row_number  end_row_number  start_col_number  end_col_number
0  outputs\employee_report.xlsx  employees_combined  employees_list                 2               4                 2               4
1  outputs\employee_report.xlsx  employees_combined  employee_hours                 7               9                 2               5
2025-02-22 23:52:55,089 - INFO - hybrid_logger - --------------------------------------------------
2025-02-22 23:52:55,089 - INFO - hybrid_logger - Replacing data in table employees_list
2025-02-22 23:52:55,090 - INFO - hybrid_logger - Running: remove_data_from_xl_table
2025-02-22 23:52:55,091 - INFO - hybrid_logger - Removed 1 rows from table 'employees_list', starting from row 3 in sheet 'employees_combined'.
2025-02-22 23:52:55,092 - INFO - hybrid_logger - Updated table 'employees_list' reference to B2:D3.
2025-02-22 23:52:55,093 - INFO - hybrid_logger - Updated table 'employee_hours' reference to B6:E8.
2025-02-22 23:52:55,093 - INFO - hybrid_logger - Adding 2 rows to table 'employees_list' from row 4 onwards in sheet 'employees_combined'.
2025-02-22 23:52:55,095 - INFO - hybrid_logger - Updated table 'employees_list' reference to B2:D5.
2025-02-22 23:52:55,095 - INFO - hybrid_logger - Updated table 'employee_hours' reference to B8:E10.
2025-02-22 23:52:55,096 - INFO - hybrid_logger - ✅ Successfully updated table 'employees_list'.
2025-02-22 23:52:55,096 - INFO - hybrid_logger - 
2025-02-22 23:52:55,131 - INFO - hybrid_logger - wb:<openpyxl.workbook.workbook.Workbook object at 0x0000027C37E739D0>
2025-02-22 23:52:55,134 - INFO - hybrid_logger - table_details:                      file_path          sheet_name      table_name  start_row_number  end_row_number  start_col_number  end_col_number
0  outputs\employee_report.xlsx  employees_combined  employees_list                 2               5                 2               4
1  outputs\employee_report.xlsx  employees_combined  employee_hours                 8              10                 2               5
2025-02-22 23:52:55,135 - INFO - hybrid_logger - --------------------------------------------------
2025-02-22 23:52:55,136 - INFO - hybrid_logger - Replacing data in table employee_hours
2025-02-22 23:52:55,137 - INFO - hybrid_logger - Running: remove_data_from_xl_table
2025-02-22 23:52:55,137 - INFO - hybrid_logger - Removed 1 rows from table 'employee_hours', starting from row 9 in sheet 'employees_combined'.
2025-02-22 23:52:55,139 - INFO - hybrid_logger - Updated table 'employee_hours' reference to B8:E9.
2025-02-22 23:52:55,139 - INFO - hybrid_logger - Adding 2 rows to table 'employee_hours' from row 10 onwards in sheet 'employees_combined'.
2025-02-22 23:52:55,140 - INFO - hybrid_logger - Updated table 'employee_hours' reference to B8:E11.
2025-02-22 23:52:55,141 - INFO - hybrid_logger - ✅ Successfully updated table 'employee_hours'.
2025-02-22 23:52:55,141 - INFO - hybrid_logger - 
2025-02-22 23:52:55,175 - INFO - hybrid_logger - ✅ Successfully updated table 'employee_hours' in 'outputs\employee_report.xlsx'.
2025-02-22 23:52:55,181 - INFO - hybrid_logger - ✅ Template copied to: outputs\industry_report.xlsx
2025-02-22 23:52:55,181 - INFO - hybrid_logger - Adding data to outputs\industry_report.xlsx.
2025-02-22 23:52:55,192 - INFO - hybrid_logger - ✅ Table structure validated and sorted successfully.
2025-02-22 23:52:55,195 - INFO - hybrid_logger - ✅ PASS: Only one file provided in table_details.
2025-02-22 23:52:55,195 - INFO - hybrid_logger - ✅ PASS: All table names are unique.
2025-02-22 23:52:55,196 - INFO - hybrid_logger - ✅ PASS: All start rows/columns are less than end rows/columns.
2025-02-22 23:52:55,196 - INFO - hybrid_logger - 🔍 Processing sheet: employees_combined with 2 tables.
2025-02-22 23:52:55,197 - DEBUG - hybrid_logger - 🔍 Checking Table: companies (Rows 2 - 4)
2025-02-22 23:52:55,197 - DEBUG - hybrid_logger - 🔍 Checking Table: region_stats (Rows 9 - 11)
2025-02-22 23:52:55,198 - INFO - hybrid_logger - ✅ No overlapping tables found.
2025-02-22 23:52:55,201 - INFO - hybrid_logger - wb:<openpyxl.workbook.workbook.Workbook object at 0x0000027C37F27A60>
2025-02-22 23:52:55,203 - INFO - hybrid_logger - table_details:                      file_path          sheet_name    table_name  start_row_number  end_row_number  start_col_number  end_col_number
0  outputs\industry_report.xlsx  employees_combined     companies                 2               4                 2               4
1  outputs\industry_report.xlsx  employees_combined  region_stats                 9              11                 2               3
2025-02-22 23:52:55,204 - ERROR - hybrid_logger - ❌ Error: Unsupported xl_type: xl_table
2025-02-22 23:52:55,204 - ERROR - hybrid_logger - ❌ An error occurred: ❌ Error: Unsupported xl_type: xl_table
Traceback (most recent call last):
  File "C:\Users\tyewf\github_projects\xlsx_reporting\src\main.py", line 109, in main
    add_data_to_files(config['output_from_input_dict'], input_data_dict, xlsx_templates_folder, outputs_folder, report_date)
  File "C:\Users\tyewf\github_projects\xlsx_reporting\src\update_xlsx_data.py", line 583, in add_data_to_files
    input_data = source_data(data_source, input_data_dict)
  File "C:\Users\tyewf\github_projects\xlsx_reporting\src\update_xlsx_data.py", line 456, in source_data
    raise ValueError(err_msg)
ValueError: ❌ Error: Unsupported xl_type: xl_table
