2025-02-22 23:40:12,425 - INFO - root - ✅ Logger initialized. Writing logs to: C:\Users\tyewf\github_projects\xlsx_reporting\logs\2025-02-22_23-40-12.log
2025-02-22 23:40:12,425 - INFO - hybrid_logger - Logger successfully configured.
2025-02-22 23:40:12,436 - INFO - hybrid_logger - 
2025-02-22 23:40:12,436 - INFO - hybrid_logger - 
2025-02-22 23:40:12,436 - INFO - hybrid_logger - --------------------------------------------------
2025-02-22 23:40:12,437 - INFO - hybrid_logger - Running Main
2025-02-22 23:40:12,437 - INFO - hybrid_logger - --------------------------------------------------
2025-02-22 23:40:12,440 - INFO - hybrid_logger - 
2025-02-22 23:40:12,440 - INFO - hybrid_logger - 
2025-02-22 23:40:12,440 - INFO - hybrid_logger - --------------------------------------------------
2025-02-22 23:40:12,440 - INFO - hybrid_logger - 🔍 Extracting and validating arguments...
2025-02-22 23:40:12,441 - INFO - hybrid_logger - --------------------------------------------------
2025-02-22 23:40:12,441 - INFO - hybrid_logger - ✅ Folder `inputs/input_files` exists!
2025-02-22 23:40:12,442 - INFO - hybrid_logger - ✅ Folder `inputs/xlsx_templates` exists!
2025-02-22 23:40:12,442 - INFO - hybrid_logger - ✅ Folder `outputs` exists!
2025-02-22 23:40:12,442 - INFO - hybrid_logger - ✅ File `config/settings.yaml` exists!
2025-02-22 23:40:12,443 - INFO - hybrid_logger - ✅ Date `2025-02-22` is in the correct format (yyyy-mm-dd)!
2025-02-22 23:40:12,443 - INFO - hybrid_logger - ✅ Input Files Folder: inputs/input_files
2025-02-22 23:40:12,443 - INFO - hybrid_logger - ✅ Excel Templates Folder: inputs/xlsx_templates
2025-02-22 23:40:12,443 - INFO - hybrid_logger - ✅ Output Folder: outputs
2025-02-22 23:40:12,443 - INFO - hybrid_logger - ✅ Report Date: 2025-02-22
2025-02-22 23:40:12,444 - INFO - hybrid_logger - ✅ Config Path: config/settings.yaml
2025-02-22 23:40:12,444 - INFO - hybrid_logger - Arguments extracted and validated.
2025-02-22 23:40:12,444 - INFO - hybrid_logger - 📂 Loading configuration from: config/settings.yaml
2025-02-22 23:40:12,448 - INFO - hybrid_logger - ✅ Configuration loaded successfully.
2025-02-22 23:40:12,448 - INFO - hybrid_logger - 
2025-02-22 23:40:12,448 - INFO - hybrid_logger - 
2025-02-22 23:40:12,449 - INFO - hybrid_logger - --------------------------------------------------
2025-02-22 23:40:12,449 - INFO - hybrid_logger - 🚀 RUNNING INPUT DATA LOADER
2025-02-22 23:40:12,449 - INFO - hybrid_logger - --------------------------------------------------
2025-02-22 23:40:12,449 - INFO - hybrid_logger - 📁 Processing Output File: employee_report.xlsx
2025-02-22 23:40:12,449 - INFO - hybrid_logger - --------------------------------------------------
2025-02-22 23:40:12,450 - INFO - hybrid_logger - Processing tables input data
2025-02-22 23:40:12,450 - INFO - hybrid_logger - --------------------------------------------------
2025-02-22 23:40:12,450 - INFO - hybrid_logger - Processing sheet input data
2025-02-22 23:40:12,451 - INFO - hybrid_logger - 📁 Processing Output File: industry_report.xlsx
2025-02-22 23:40:12,451 - INFO - hybrid_logger - --------------------------------------------------
2025-02-22 23:40:12,451 - INFO - hybrid_logger - Processing tables input data
2025-02-22 23:40:12,452 - INFO - hybrid_logger - --------------------------------------------------
2025-02-22 23:40:12,452 - INFO - hybrid_logger - Processing sheet input data
2025-02-22 23:40:12,456 - CRITICAL - hybrid_logger - Error in table_details_structure: Missing required columns: {'sheet_name', 'start_row_number', 'start_col_number', 'table_name', 'file_path', 'end_row_number', 'end_col_number'}
Traceback (most recent call last):
  File "C:\Users\tyewf\github_projects\xlsx_reporting\src\update_xlsx_data.py", line 149, in table_details_structure
    raise ValueError(f"Missing required columns: {missing_columns}")
ValueError: Missing required columns: {'sheet_name', 'start_row_number', 'start_col_number', 'table_name', 'file_path', 'end_row_number', 'end_col_number'}
2025-02-22 23:40:12,457 - ERROR - hybrid_logger - ❌ An error occurred: Missing required columns: {'sheet_name', 'start_row_number', 'start_col_number', 'table_name', 'file_path', 'end_row_number', 'end_col_number'}
Traceback (most recent call last):
  File "C:\Users\tyewf\github_projects\xlsx_reporting\src\main.py", line 105, in main
    input_data_dict = input_data_loader(input_files_folder, config)
  File "C:\Users\tyewf\github_projects\xlsx_reporting\src\load_input_data.py", line 252, in input_data_loader
    input_data_dict = load_input_data(
  File "C:\Users\tyewf\github_projects\xlsx_reporting\src\load_input_data.py", line 143, in load_input_data
    wb, table_details = get_excel_table_details(file_path)
  File "C:\Users\tyewf\github_projects\xlsx_reporting\src\update_xlsx_data.py", line 196, in get_excel_table_details
    table_details = table_details_structure(table_details)
  File "C:\Users\tyewf\github_projects\xlsx_reporting\src\update_xlsx_data.py", line 149, in table_details_structure
    raise ValueError(f"Missing required columns: {missing_columns}")
ValueError: Missing required columns: {'sheet_name', 'start_row_number', 'start_col_number', 'table_name', 'file_path', 'end_row_number', 'end_col_number'}
