2025-02-22 23:47:41,316 - INFO - root - ✅ Logger initialized. Writing logs to: C:\Users\tyewf\github_projects\xlsx_reporting\logs\2025-02-22_23-47-41.log
2025-02-22 23:47:41,316 - INFO - hybrid_logger - Logger successfully configured.
2025-02-22 23:47:41,317 - INFO - hybrid_logger - 
2025-02-22 23:47:41,318 - INFO - hybrid_logger - 
2025-02-22 23:47:41,318 - INFO - hybrid_logger - --------------------------------------------------
2025-02-22 23:47:41,318 - INFO - hybrid_logger - Running Main
2025-02-22 23:47:41,318 - INFO - hybrid_logger - --------------------------------------------------
2025-02-22 23:47:41,321 - INFO - hybrid_logger - 
2025-02-22 23:47:41,321 - INFO - hybrid_logger - 
2025-02-22 23:47:41,321 - INFO - hybrid_logger - --------------------------------------------------
2025-02-22 23:47:41,321 - INFO - hybrid_logger - 🔍 Extracting and validating arguments...
2025-02-22 23:47:41,321 - INFO - hybrid_logger - --------------------------------------------------
2025-02-22 23:47:41,322 - INFO - hybrid_logger - ✅ Folder `inputs/input_files` exists!
2025-02-22 23:47:41,323 - INFO - hybrid_logger - ✅ Folder `inputs/xlsx_templates` exists!
2025-02-22 23:47:41,323 - INFO - hybrid_logger - ✅ Folder `outputs` exists!
2025-02-22 23:47:41,323 - INFO - hybrid_logger - ✅ File `config/settings.yaml` exists!
2025-02-22 23:47:41,323 - INFO - hybrid_logger - ✅ Date `2025-02-22` is in the correct format (yyyy-mm-dd)!
2025-02-22 23:47:41,324 - INFO - hybrid_logger - ✅ Input Files Folder: inputs/input_files
2025-02-22 23:47:41,324 - INFO - hybrid_logger - ✅ Excel Templates Folder: inputs/xlsx_templates
2025-02-22 23:47:41,324 - INFO - hybrid_logger - ✅ Output Folder: outputs
2025-02-22 23:47:41,324 - INFO - hybrid_logger - ✅ Report Date: 2025-02-22
2025-02-22 23:47:41,324 - INFO - hybrid_logger - ✅ Config Path: config/settings.yaml
2025-02-22 23:47:41,324 - INFO - hybrid_logger - Arguments extracted and validated.
2025-02-22 23:47:41,325 - INFO - hybrid_logger - 📂 Loading configuration from: config/settings.yaml
2025-02-22 23:47:41,329 - INFO - hybrid_logger - ✅ Configuration loaded successfully.
2025-02-22 23:47:41,329 - INFO - hybrid_logger - 
2025-02-22 23:47:41,329 - INFO - hybrid_logger - 
2025-02-22 23:47:41,329 - INFO - hybrid_logger - --------------------------------------------------
2025-02-22 23:47:41,330 - INFO - hybrid_logger - 🚀 RUNNING INPUT DATA LOADER
2025-02-22 23:47:41,330 - INFO - hybrid_logger - --------------------------------------------------
2025-02-22 23:47:41,330 - INFO - hybrid_logger - 📁 Processing Output File: employee_report.xlsx
2025-02-22 23:47:41,330 - INFO - hybrid_logger - --------------------------------------------------
2025-02-22 23:47:41,330 - INFO - hybrid_logger - Processing tables input data
2025-02-22 23:47:41,331 - INFO - hybrid_logger - --------------------------------------------------
2025-02-22 23:47:41,331 - INFO - hybrid_logger - Processing sheet input data
2025-02-22 23:47:41,332 - INFO - hybrid_logger - 📁 Processing Output File: industry_report.xlsx
2025-02-22 23:47:41,332 - INFO - hybrid_logger - --------------------------------------------------
2025-02-22 23:47:41,332 - INFO - hybrid_logger - Processing tables input data
2025-02-22 23:47:41,333 - INFO - hybrid_logger - --------------------------------------------------
2025-02-22 23:47:41,333 - INFO - hybrid_logger - Processing sheet input data
2025-02-22 23:47:41,337 - INFO - hybrid_logger - file_path:inputs/input_files\employee_data.xlsx
2025-02-22 23:47:41,338 - INFO - hybrid_logger - sheet_name:Employees
2025-02-22 23:47:41,338 - INFO - hybrid_logger - columns_to_load:['First', 'Position', 'Id', 'Last', 'Start']
2025-02-22 23:47:41,343 - INFO - hybrid_logger - file_path:inputs/input_files\employee_data.xlsx
2025-02-22 23:47:41,343 - INFO - hybrid_logger - sheet_name:Hours
2025-02-22 23:47:41,343 - INFO - hybrid_logger - columns_to_load:['First', 'Hours', 'Location', 'Rate', 'Last']
2025-02-22 23:47:41,347 - ERROR - hybrid_logger - ❌ An error occurred: [Errno 2] No such file or directory: 'inputs/input_files\\industry_report.xlsx'
Traceback (most recent call last):
  File "C:\Users\tyewf\github_projects\xlsx_reporting\src\main.py", line 105, in main
    input_data_dict = input_data_loader(input_files_folder, config)
  File "C:\Users\tyewf\github_projects\xlsx_reporting\src\load_input_data.py", line 253, in input_data_loader
    input_data_dict = load_input_data(
  File "C:\Users\tyewf\github_projects\xlsx_reporting\src\load_input_data.py", line 144, in load_input_data
    wb = load_workbook(file_path, data_only=False)
  File "C:\Users\tyewf\github_projects\xlsx_reporting\venv\lib\site-packages\openpyxl\reader\excel.py", line 346, in load_workbook
    reader = ExcelReader(filename, read_only, keep_vba,
  File "C:\Users\tyewf\github_projects\xlsx_reporting\venv\lib\site-packages\openpyxl\reader\excel.py", line 123, in __init__
    self.archive = _validate_archive(fn)
  File "C:\Users\tyewf\github_projects\xlsx_reporting\venv\lib\site-packages\openpyxl\reader\excel.py", line 95, in _validate_archive
    archive = ZipFile(filename, 'r')
  File "C:\Users\tyewf\AppData\Local\Programs\Python\Python310\lib\zipfile.py", line 1249, in __init__
    self.fp = io.open(file, filemode)
FileNotFoundError: [Errno 2] No such file or directory: 'inputs/input_files\\industry_report.xlsx'
