2025-02-22 23:52:13,575 - INFO - root - ✅ Logger initialized. Writing logs to: C:\Users\tyewf\github_projects\xlsx_reporting\logs\2025-02-22_23-52-13.log
2025-02-22 23:52:13,575 - INFO - hybrid_logger - Logger successfully configured.
2025-02-22 23:52:13,576 - INFO - hybrid_logger - 
2025-02-22 23:52:13,576 - INFO - hybrid_logger - 
2025-02-22 23:52:13,577 - INFO - hybrid_logger - --------------------------------------------------
2025-02-22 23:52:13,577 - INFO - hybrid_logger - Running Main
2025-02-22 23:52:13,577 - INFO - hybrid_logger - --------------------------------------------------
2025-02-22 23:52:13,580 - INFO - hybrid_logger - 
2025-02-22 23:52:13,580 - INFO - hybrid_logger - 
2025-02-22 23:52:13,580 - INFO - hybrid_logger - --------------------------------------------------
2025-02-22 23:52:13,580 - INFO - hybrid_logger - 🔍 Extracting and validating arguments...
2025-02-22 23:52:13,580 - INFO - hybrid_logger - --------------------------------------------------
2025-02-22 23:52:13,581 - INFO - hybrid_logger - ✅ Folder `inputs/input_files` exists!
2025-02-22 23:52:13,582 - INFO - hybrid_logger - ✅ Folder `inputs/xlsx_templates` exists!
2025-02-22 23:52:13,582 - INFO - hybrid_logger - ✅ Folder `outputs` exists!
2025-02-22 23:52:13,582 - INFO - hybrid_logger - ✅ File `config/settings.yaml` exists!
2025-02-22 23:52:13,583 - INFO - hybrid_logger - ✅ Date `2025-02-22` is in the correct format (yyyy-mm-dd)!
2025-02-22 23:52:13,583 - INFO - hybrid_logger - ✅ Input Files Folder: inputs/input_files
2025-02-22 23:52:13,583 - INFO - hybrid_logger - ✅ Excel Templates Folder: inputs/xlsx_templates
2025-02-22 23:52:13,583 - INFO - hybrid_logger - ✅ Output Folder: outputs
2025-02-22 23:52:13,583 - INFO - hybrid_logger - ✅ Report Date: 2025-02-22
2025-02-22 23:52:13,584 - INFO - hybrid_logger - ✅ Config Path: config/settings.yaml
2025-02-22 23:52:13,584 - INFO - hybrid_logger - Arguments extracted and validated.
2025-02-22 23:52:13,584 - INFO - hybrid_logger - 📂 Loading configuration from: config/settings.yaml
2025-02-22 23:52:13,588 - INFO - hybrid_logger - ✅ Configuration loaded successfully.
2025-02-22 23:52:13,588 - INFO - hybrid_logger - 
2025-02-22 23:52:13,588 - INFO - hybrid_logger - 
2025-02-22 23:52:13,589 - INFO - hybrid_logger - --------------------------------------------------
2025-02-22 23:52:13,589 - INFO - hybrid_logger - 🚀 RUNNING INPUT DATA LOADER
2025-02-22 23:52:13,589 - INFO - hybrid_logger - --------------------------------------------------
2025-02-22 23:52:13,589 - INFO - hybrid_logger - 📁 Processing Output File: employee_report.xlsx
2025-02-22 23:52:13,589 - INFO - hybrid_logger - --------------------------------------------------
2025-02-22 23:52:13,590 - INFO - hybrid_logger - Processing tables input data
2025-02-22 23:52:13,590 - INFO - hybrid_logger - --------------------------------------------------
2025-02-22 23:52:13,590 - INFO - hybrid_logger - Processing sheet input data
2025-02-22 23:52:13,591 - INFO - hybrid_logger - 📁 Processing Output File: industry_report.xlsx
2025-02-22 23:52:13,591 - INFO - hybrid_logger - --------------------------------------------------
2025-02-22 23:52:13,591 - INFO - hybrid_logger - Processing tables input data
2025-02-22 23:52:13,592 - INFO - hybrid_logger - --------------------------------------------------
2025-02-22 23:52:13,592 - INFO - hybrid_logger - Processing sheet input data
2025-02-22 23:52:13,596 - INFO - hybrid_logger - file_path:inputs\input_files\employee_data.xlsx
2025-02-22 23:52:13,596 - INFO - hybrid_logger - sheet_name:Employees
2025-02-22 23:52:13,596 - INFO - hybrid_logger - columns_to_load:['Position', 'Id', 'First', 'Last', 'Start']
2025-02-22 23:52:13,600 - INFO - hybrid_logger - file_path:inputs\input_files\employee_data.xlsx
2025-02-22 23:52:13,600 - INFO - hybrid_logger - sheet_name:Hours
2025-02-22 23:52:13,600 - INFO - hybrid_logger - columns_to_load:['Rate', 'First', 'Location', 'Last', 'Hours']
2025-02-22 23:52:13,604 - ERROR - hybrid_logger - ❌ An error occurred: [Errno 2] No such file or directory: 'inputs\\input_files\\industry_report.xlsx'
Traceback (most recent call last):
  File "C:\Users\tyewf\github_projects\xlsx_reporting\src\main.py", line 105, in main
    input_data_dict = input_data_loader(input_files_folder, config)
  File "C:\Users\tyewf\github_projects\xlsx_reporting\src\load_input_data.py", line 255, in input_data_loader
    input_data_dict = load_input_data(
  File "C:\Users\tyewf\github_projects\xlsx_reporting\src\load_input_data.py", line 146, in load_input_data
    wb = load_workbook(file_path, data_only=False)
  File "C:\Users\tyewf\github_projects\xlsx_reporting\venv\lib\site-packages\openpyxl\reader\excel.py", line 346, in load_workbook
    reader = ExcelReader(filename, read_only, keep_vba,
  File "C:\Users\tyewf\github_projects\xlsx_reporting\venv\lib\site-packages\openpyxl\reader\excel.py", line 123, in __init__
    self.archive = _validate_archive(fn)
  File "C:\Users\tyewf\github_projects\xlsx_reporting\venv\lib\site-packages\openpyxl\reader\excel.py", line 95, in _validate_archive
    archive = ZipFile(filename, 'r')
  File "C:\Users\tyewf\AppData\Local\Programs\Python\Python310\lib\zipfile.py", line 1249, in __init__
    self.fp = io.open(file, filemode)
FileNotFoundError: [Errno 2] No such file or directory: 'inputs\\input_files\\industry_report.xlsx'
