2025-02-22 23:56:39,861 - INFO - root - ✅ Logger initialized. Writing logs to: C:\Users\tyewf\github_projects\xlsx_reporting\logs\2025-02-22_23-56-39.log
2025-02-22 23:56:39,861 - INFO - hybrid_logger - Logger successfully configured.
2025-02-22 23:56:39,862 - INFO - hybrid_logger - 
2025-02-22 23:56:39,863 - INFO - hybrid_logger - 
2025-02-22 23:56:39,863 - INFO - hybrid_logger - --------------------------------------------------
2025-02-22 23:56:39,863 - INFO - hybrid_logger - Running Main
2025-02-22 23:56:39,863 - INFO - hybrid_logger - --------------------------------------------------
2025-02-22 23:56:39,866 - INFO - hybrid_logger - 
2025-02-22 23:56:39,866 - INFO - hybrid_logger - 
2025-02-22 23:56:39,867 - INFO - hybrid_logger - --------------------------------------------------
2025-02-22 23:56:39,867 - INFO - hybrid_logger - 🔍 Extracting and validating arguments...
2025-02-22 23:56:39,867 - INFO - hybrid_logger - --------------------------------------------------
2025-02-22 23:56:39,868 - INFO - hybrid_logger - ✅ Folder `inputs/input_files` exists!
2025-02-22 23:56:39,868 - INFO - hybrid_logger - ✅ Folder `inputs/xlsx_templates` exists!
2025-02-22 23:56:39,869 - INFO - hybrid_logger - ✅ Folder `outputs` exists!
2025-02-22 23:56:39,869 - INFO - hybrid_logger - ✅ File `config/settings.yaml` exists!
2025-02-22 23:56:39,869 - INFO - hybrid_logger - ✅ Date `2025-02-22` is in the correct format (yyyy-mm-dd)!
2025-02-22 23:56:39,869 - INFO - hybrid_logger - ✅ Input Files Folder: inputs/input_files
2025-02-22 23:56:39,870 - INFO - hybrid_logger - ✅ Excel Templates Folder: inputs/xlsx_templates
2025-02-22 23:56:39,870 - INFO - hybrid_logger - ✅ Output Folder: outputs
2025-02-22 23:56:39,870 - INFO - hybrid_logger - ✅ Report Date: 2025-02-22
2025-02-22 23:56:39,870 - INFO - hybrid_logger - ✅ Config Path: config/settings.yaml
2025-02-22 23:56:39,870 - INFO - hybrid_logger - Arguments extracted and validated.
2025-02-22 23:56:39,870 - INFO - hybrid_logger - 📂 Loading configuration from: config/settings.yaml
2025-02-22 23:56:39,876 - INFO - hybrid_logger - ✅ Configuration loaded successfully.
2025-02-22 23:56:39,876 - INFO - hybrid_logger - 
2025-02-22 23:56:39,876 - INFO - hybrid_logger - 
2025-02-22 23:56:39,877 - INFO - hybrid_logger - --------------------------------------------------
2025-02-22 23:56:39,877 - INFO - hybrid_logger - 🚀 RUNNING INPUT DATA LOADER
2025-02-22 23:56:39,877 - INFO - hybrid_logger - --------------------------------------------------
2025-02-22 23:56:39,877 - INFO - hybrid_logger - 📁 Processing Output File: employee_report.xlsx
2025-02-22 23:56:39,877 - INFO - hybrid_logger - --------------------------------------------------
2025-02-22 23:56:39,878 - INFO - hybrid_logger - Processing tables input data
2025-02-22 23:56:39,878 - INFO - hybrid_logger - --------------------------------------------------
2025-02-22 23:56:39,878 - INFO - hybrid_logger - Processing sheet input data
2025-02-22 23:56:39,879 - INFO - hybrid_logger - 📁 Processing Output File: industry_report.xlsx
2025-02-22 23:56:39,879 - INFO - hybrid_logger - --------------------------------------------------
2025-02-22 23:56:39,879 - INFO - hybrid_logger - Processing tables input data
2025-02-22 23:56:39,880 - INFO - hybrid_logger - --------------------------------------------------
2025-02-22 23:56:39,880 - INFO - hybrid_logger - Processing sheet input data
2025-02-22 23:56:39,884 - INFO - hybrid_logger - file_path:inputs\input_files\employee_data.xlsx
2025-02-22 23:56:39,884 - INFO - hybrid_logger - sheet_name:Employees
2025-02-22 23:56:39,884 - INFO - hybrid_logger - columns_to_load:['First', 'Last', 'Position', 'Id', 'Start']
2025-02-22 23:56:39,889 - INFO - hybrid_logger - file_path:inputs\input_files\employee_data.xlsx
2025-02-22 23:56:39,889 - INFO - hybrid_logger - sheet_name:Hours
2025-02-22 23:56:39,890 - INFO - hybrid_logger - columns_to_load:['First', 'Last', 'Hours', 'Location', 'Rate']
2025-02-22 23:56:39,897 - INFO - hybrid_logger - 📂 INPUT DATA LOAD COMPLETE
2025-02-22 23:56:39,897 - INFO - hybrid_logger - 🚀 Processing Excel templates...
2025-02-22 23:56:39,897 - INFO - hybrid_logger - 
2025-02-22 23:56:39,897 - INFO - hybrid_logger - --------------------------------------------------
2025-02-22 23:56:39,898 - INFO - hybrid_logger - Adding data to files
2025-02-22 23:56:39,898 - INFO - hybrid_logger - --------------------------------------------------
2025-02-22 23:56:39,906 - INFO - hybrid_logger - ✅ Template copied to: outputs\employee_report.xlsx
2025-02-22 23:56:39,906 - INFO - hybrid_logger - Adding data to outputs\employee_report.xlsx.
2025-02-22 23:56:39,919 - INFO - hybrid_logger - ✅ Table structure validated and sorted successfully.
2025-02-22 23:56:39,922 - INFO - hybrid_logger - ✅ PASS: Only one file provided in table_details.
2025-02-22 23:56:39,922 - INFO - hybrid_logger - ✅ PASS: All table names are unique.
2025-02-22 23:56:39,923 - INFO - hybrid_logger - ✅ PASS: All start rows/columns are less than end rows/columns.
2025-02-22 23:56:39,923 - INFO - hybrid_logger - 🔍 Processing sheet: employees_combined with 2 tables.
2025-02-22 23:56:39,924 - DEBUG - hybrid_logger - 🔍 Checking Table: employees_list (Rows 2 - 4)
2025-02-22 23:56:39,924 - DEBUG - hybrid_logger - 🔍 Checking Table: employee_hours (Rows 7 - 9)
2025-02-22 23:56:39,925 - INFO - hybrid_logger - ✅ No overlapping tables found.
2025-02-22 23:56:39,928 - INFO - hybrid_logger - wb:<openpyxl.workbook.workbook.Workbook object at 0x0000019869D70310>
2025-02-22 23:56:39,930 - INFO - hybrid_logger - table_details:                      file_path          sheet_name      table_name  start_row_number  end_row_number  start_col_number  end_col_number
0  outputs\employee_report.xlsx  employees_combined  employees_list                 2               4                 2               4
1  outputs\employee_report.xlsx  employees_combined  employee_hours                 7               9                 2               5
2025-02-22 23:56:39,931 - INFO - hybrid_logger - --------------------------------------------------
2025-02-22 23:56:39,931 - INFO - hybrid_logger - Replacing data in table employees_list
2025-02-22 23:56:39,932 - INFO - hybrid_logger - Running: remove_data_from_xl_table
2025-02-22 23:56:39,932 - INFO - hybrid_logger - Removed 1 rows from table 'employees_list', starting from row 3 in sheet 'employees_combined'.
2025-02-22 23:56:39,934 - INFO - hybrid_logger - Updated table 'employees_list' reference to B2:D3.
2025-02-22 23:56:39,935 - INFO - hybrid_logger - Updated table 'employee_hours' reference to B6:E8.
2025-02-22 23:56:39,935 - INFO - hybrid_logger - Adding 2 rows to table 'employees_list' from row 4 onwards in sheet 'employees_combined'.
2025-02-22 23:56:39,937 - INFO - hybrid_logger - Updated table 'employees_list' reference to B2:D5.
2025-02-22 23:56:39,937 - INFO - hybrid_logger - Updated table 'employee_hours' reference to B8:E10.
2025-02-22 23:56:39,937 - INFO - hybrid_logger - ✅ Successfully updated table 'employees_list'.
2025-02-22 23:56:39,938 - INFO - hybrid_logger - 
2025-02-22 23:56:39,948 - INFO - hybrid_logger - wb:<openpyxl.workbook.workbook.Workbook object at 0x0000019869D70310>
2025-02-22 23:56:39,950 - INFO - hybrid_logger - table_details:                      file_path          sheet_name      table_name  start_row_number  end_row_number  start_col_number  end_col_number
0  outputs\employee_report.xlsx  employees_combined  employees_list                 2               5                 2               4
1  outputs\employee_report.xlsx  employees_combined  employee_hours                 8              10                 2               5
2025-02-22 23:56:39,951 - INFO - hybrid_logger - --------------------------------------------------
2025-02-22 23:56:39,951 - INFO - hybrid_logger - Replacing data in table employee_hours
2025-02-22 23:56:39,952 - INFO - hybrid_logger - Running: remove_data_from_xl_table
2025-02-22 23:56:39,953 - INFO - hybrid_logger - Removed 1 rows from table 'employee_hours', starting from row 9 in sheet 'employees_combined'.
2025-02-22 23:56:39,954 - INFO - hybrid_logger - Updated table 'employee_hours' reference to B8:E9.
2025-02-22 23:56:39,955 - INFO - hybrid_logger - Adding 2 rows to table 'employee_hours' from row 10 onwards in sheet 'employees_combined'.
2025-02-22 23:56:39,956 - INFO - hybrid_logger - Updated table 'employee_hours' reference to B8:E11.
2025-02-22 23:56:39,957 - INFO - hybrid_logger - ✅ Successfully updated table 'employee_hours'.
2025-02-22 23:56:39,957 - INFO - hybrid_logger - 
2025-02-22 23:56:39,976 - INFO - hybrid_logger - ✅ Successfully updated table 'employee_hours' in 'outputs\employee_report.xlsx'.
2025-02-22 23:56:39,983 - INFO - hybrid_logger - ✅ Template copied to: outputs\industry_report.xlsx
2025-02-22 23:56:39,983 - INFO - hybrid_logger - Adding data to outputs\industry_report.xlsx.
2025-02-22 23:56:39,995 - INFO - hybrid_logger - ✅ Table structure validated and sorted successfully.
2025-02-22 23:56:39,997 - INFO - hybrid_logger - ✅ PASS: Only one file provided in table_details.
2025-02-22 23:56:39,998 - INFO - hybrid_logger - ✅ PASS: All table names are unique.
2025-02-22 23:56:39,998 - INFO - hybrid_logger - ✅ PASS: All start rows/columns are less than end rows/columns.
2025-02-22 23:56:39,999 - INFO - hybrid_logger - 🔍 Processing sheet: employees_combined with 2 tables.
2025-02-22 23:56:39,999 - DEBUG - hybrid_logger - 🔍 Checking Table: companies (Rows 2 - 4)
2025-02-22 23:56:40,000 - DEBUG - hybrid_logger - 🔍 Checking Table: region_stats (Rows 9 - 11)
2025-02-22 23:56:40,000 - INFO - hybrid_logger - ✅ No overlapping tables found.
2025-02-22 23:56:40,003 - INFO - hybrid_logger - wb:<openpyxl.workbook.workbook.Workbook object at 0x0000019869E2B250>
2025-02-22 23:56:40,006 - INFO - hybrid_logger - table_details:                      file_path          sheet_name    table_name  start_row_number  end_row_number  start_col_number  end_col_number
0  outputs\industry_report.xlsx  employees_combined     companies                 2               4                 2               4
1  outputs\industry_report.xlsx  employees_combined  region_stats                 9              11                 2               3
2025-02-22 23:56:40,007 - ERROR - hybrid_logger - ❌ An error occurred: "None of [Index(['Company Name', 'Shares Outstanding', 'Share Price'], dtype='object')] are in the [columns]"
Traceback (most recent call last):
  File "C:\Users\tyewf\github_projects\xlsx_reporting\src\main.py", line 109, in main
    add_data_to_files(config['output_from_input_dict'], input_data_dict, xlsx_templates_folder, outputs_folder, report_date)
  File "C:\Users\tyewf\github_projects\xlsx_reporting\src\update_xlsx_data.py", line 590, in add_data_to_files
    input_data = get_df_data(data_source, input_data_dict)
  File "C:\Users\tyewf\github_projects\xlsx_reporting\src\update_xlsx_data.py", line 457, in get_df_data
    input_data = input_data[final_columns]
  File "C:\Users\tyewf\github_projects\xlsx_reporting\venv\lib\site-packages\pandas\core\frame.py", line 4108, in __getitem__
    indexer = self.columns._get_indexer_strict(key, "columns")[1]
  File "C:\Users\tyewf\github_projects\xlsx_reporting\venv\lib\site-packages\pandas\core\indexes\base.py", line 6200, in _get_indexer_strict
    self._raise_if_missing(keyarr, indexer, axis_name)
  File "C:\Users\tyewf\github_projects\xlsx_reporting\venv\lib\site-packages\pandas\core\indexes\base.py", line 6249, in _raise_if_missing
    raise KeyError(f"None of [{key}] are in the [{axis_name}]")
KeyError: "None of [Index(['Company Name', 'Shares Outstanding', 'Share Price'], dtype='object')] are in the [columns]"
